

############################
Sun May 17 10:58:35 EDT 2020
/scratch/claire/speaker-listener/scripts_speaker-listener
/jukebox/pkgs/FREESURFER/6.0.0/tktools/tksurfer.bin MNI152NLin2009cAsym_3x3x4mm_brain lh inflated 
############################


############################
Sun May 17 11:10:30 EDT 2020
/scratch/claire/speaker-listener/scripts_speaker-listener
/jukebox/pkgs/FREESURFER/6.0.0/tktools/tksurfer.bin MNI152NLin2009cAsym_3x3x4mm_brain lh inflated 
############################


############################
Sun May 17 11:22:19 EDT 2020
/scratch/claire/speaker-listener/scripts_speaker-listener
/jukebox/pkgs/FREESURFER/6.0.0/tktools/tksurfer.bin MNI152NLin2009cAsym_3x3x4mm_brain rh inflated 
############################


############################
Sun May 17 11:35:15 EDT 2020
/scratch/claire/speaker-listener/scripts_speaker-listener
/jukebox/pkgs/FREESURFER/6.0.0/tktools/tksurfer.bin MNI152NLin2009cAsym_3x3x4mm_brain rh inflated 
############################


############################
Sun May 17 22:20:01 EDT 2020
/scratch/claire/speaker-listener/scripts_speaker-listener
/jukebox/pkgs/FREESURFER/6.0.0/tktools/tksurfer.bin MNI152NLin2009cAsym_3x3x4mm_brain lh inflated % 
############################


############################
Fri Jun  5 02:52:14 EDT 2020
/scratch/claire/speaker-listener/scripts_speaker-listener
/jukebox/pkgs/FREESURFER/6.0.0/tktools/tksurfer.bin FreeSurfer_MNI152_T1_3mm lh inflated 
############################


############################
Fri Jun  5 02:59:46 EDT 2020
/scratch/claire/speaker-listener/scripts_speaker-listener
/jukebox/pkgs/FREESURFER/6.0.0/tktools/tksurfer.bin FreeSurfer_MNI152_T1_3mm lh inflated 
############################


############################
Fri Jun  5 03:01:35 EDT 2020
/scratch/claire/speaker-listener/scripts_speaker-listener
/jukebox/pkgs/FREESURFER/6.0.0/tktools/tksurfer.bin FreeSurfer_MNI152_T1_3mm rh inflated 
############################


############################
Mon Jun 22 00:29:39 EDT 2020
/scratch/claire/speaker-listener/scripts_speaker-listener
/jukebox/pkgs/FREESURFER/6.0.0/tktools/tksurfer.bin MNI152NLin2009cAsym_3x3x4mm_brain lh inflated 
############################


############################
Mon Jun 22 00:33:29 EDT 2020
/scratch/claire/speaker-listener/scripts_speaker-listener
/jukebox/pkgs/FREESURFER/6.0.0/tktools/tksurfer.bin MNI152NLin2009cAsym_3x3x4mm_brain rh inflated 
############################
